<?xml version="1.0" encoding="UTF-8" standalone="no"?><testsuite errors="0" failures="1" name="To test register functionality on Lowblaws website" skipped="0" tests="1" time="39.69" timestamp="2023-07-05 09:02:32"><testcase name="To test Error message on Register Page"><failure message="expected:&lt;...s above don't match.[234234234]&gt; but was:&lt;...s above don't match.[]&gt;" type="java.lang.AssertionError">expected:&lt;...s above don't match.[234234234]&gt; but was:&lt;...s above don't match.[]&gt;</failure><system-err>expected:&lt;...s above don't match.[234234234]&gt; but was:&lt;...s above don't match.[]&gt;&#13;
pages.RegisterPage.testErrorMessage(RegisterPage.java:74)&#13;
stepdefinitions.RegisterSteps.validates_the_error_message_on_register_page(RegisterSteps.java:77)&#13;
âœ½.validates the error message on register page(file:///C:/Users/Swati/eclipse-workspace/June%20Batch/TestingAutomation/src/test/resources/features/Register.feature:28)&#13;
</system-err></testcase></testsuite>